#
# A fatal error has been detected by the Java Runtime Environment:
#
#  EXCEPTION_ACCESS_VIOLATION (0xc0000005) at pc=0x000000005f49e706, pid=19968, tid=0x0000000000001fd8
#
# JRE version: Java(TM) SE Runtime Environment (8.0_261-b12) (build 1.8.0_261-b12)
# Java VM: Java HotSpot(TM) 64-Bit Server VM (25.261-b12 mixed mode windows-amd64 compressed oops)
# Problematic frame:
# V  [jvm.dll+0x23e706]
#
# Failed to write core dump. Minidumps are not enabled by default on client versions of Windows
#
# If you would like to submit a bug report, please visit:
#   http://bugreport.java.com/bugreport/crash.jsp
#

---------------  T H R E A D  ---------------

Current thread (0x0000026b1db9f800):  VMThread [stack: 0x000000c0c8000000,0x000000c0c8100000] [id=8152]

siginfo: ExceptionCode=0xc0000005, reading address 0x0000000000000008

Registers:
RAX=0x0000000000000000, RBX=0x000000c0c80feae0, RCX=0x0000000000000000, RDX=0x0000000000000028
RSP=0x000000c0c80fe810, RBP=0x000000c0c80ff040, RSI=0x0000000000000000, RDI=0x000000c0c80ff1b0
R8 =0x0000000000000000, R9 =0x0000026b1d56acb8, R10=0x0000026b02ed92f0, R11=0x0000026b1d56b07f
R12=0x000000000000002a, R13=0x0000026b1d9a5600, R14=0x00000000000000b6, R15=0x0000000000000000
RIP=0x000000005f49e706, EFLAGS=0x0000000000010206

Top of Stack: (sp=0x000000c0c80fe810)
0x000000c0c80fe810:   000000076b7e42d8 000000076bb39218
0x000000c0c80fe820:   000000076bb37a78 000000076bb37438
0x000000c0c80fe830:   000000076bb36dd8 000000076bb30098
0x000000c0c80fe840:   000000076bb2fd38 000000076bb2f5b0
0x000000c0c80fe850:   000000c0c75ff628 000000c0c75ff628
0x000000c0c80fe860:   000000076bb2cee0 000000076bafc220
0x000000c0c80fe870:   000000076bafc1a8 000000076bafc130
0x000000c0c80fe880:   000000076baf6b78 000000076baf6b00
0x000000c0c80fe890:   000000076baf5c80 000000076baf20f0
0x000000c0c80fe8a0:   000000076baf16b8 000000076baf14c0
0x000000c0c80fe8b0:   000000076baf1258 000000076baf1000
0x000000c0c80fe8c0:   000000076baf0e08 000000076baf0bc0
0x000000c0c80fe8d0:   000000076baf09e8 000000076baf06f0
0x000000c0c80fe8e0:   000000076baee268 000000076bae98c8
0x000000c0c80fe8f0:   000000076bae9850 000000076bae8248
0x000000c0c80fe900:   000000076bae8248 000000076bae71b0 

Instructions: (pc=0x000000005f49e706)
0x000000005f49e6e6:   01 00 00 48 8b 05 38 7a 56 00 48 33 c4 48 89 84
0x000000005f49e6f6:   24 30 01 00 00 48 8b d9 48 63 49 10 48 8b 43 08
0x000000005f49e706:   38 54 08 08 74 33 44 0f be c2 48 8d 4c 24 20 48
0x000000005f49e716:   8d 15 34 5d 3b 00 e8 bf d0 df ff ba 36 00 00 00 


Register to memory mapping:

RAX=0x0000000000000000 is an unknown value
RBX=0x000000c0c80feae0 is an unknown value
RCX=0x0000000000000000 is an unknown value
RDX=0x0000000000000028 is an unknown value
RSP=0x000000c0c80fe810 is an unknown value
RBP=0x000000c0c80ff040 is an unknown value
RSI=0x0000000000000000 is an unknown value
RDI=0x000000c0c80ff1b0 is an unknown value
R8 =0x0000000000000000 is an unknown value
R9 =0x0000026b1d56acb8 is pointing into metadata
R10=0x0000026b02ed92f0 is an unknown value
R11=0x0000026b1d56b07f is pointing into metadata
R12=0x000000000000002a is an unknown value
R13=0x0000026b1d9a5600 is an unknown value
R14=0x00000000000000b6 is an unknown value
R15=0x0000000000000000 is an unknown value


Stack: [0x000000c0c8000000,0x000000c0c8100000],  sp=0x000000c0c80fe810,  free space=1018k
Native frames: (J=compiled Java code, j=interpreted, Vv=VM code, C=native code)
V  [jvm.dll+0x23e706]
V  [jvm.dll+0x23ee24]
V  [jvm.dll+0x116523]
V  [jvm.dll+0x118483]
V  [jvm.dll+0x118df3]
V  [jvm.dll+0x11635a]
V  [jvm.dll+0x1154ea]
V  [jvm.dll+0xdccbb]
V  [jvm.dll+0xdd753]
V  [jvm.dll+0x1222f4]
V  [jvm.dll+0x145520]
V  [jvm.dll+0x1c9491]
V  [jvm.dll+0x255637]
V  [jvm.dll+0x253da5]
V  [jvm.dll+0x25451c]
V  [jvm.dll+0x25482c]
V  [jvm.dll+0x2a1cfc]
C  [ucrtbase.dll+0x20e82]
C  [KERNEL32.DLL+0x17bd4]
C  [ntdll.dll+0x6ce51]

VM_Operation (0x000000c0c85ff410): GetOrSetLocal, mode: safepoint, requested by thread 0x0000026b1dc2e000


---------------  P R O C E S S  ---------------

Java Threads: ( => current thread )
  0x0000026b201a3000 JavaThread "Service Thread" daemon [_thread_blocked, id=11720, stack(0x000000c0c8c00000,0x000000c0c8d00000)]
  0x0000026b20105800 JavaThread "C1 CompilerThread3" daemon [_thread_blocked, id=22592, stack(0x000000c0c8b00000,0x000000c0c8c00000)]
  0x0000026b20105000 JavaThread "C2 CompilerThread2" daemon [_thread_blocked, id=19628, stack(0x000000c0c8a00000,0x000000c0c8b00000)]
  0x0000026b20102000 JavaThread "C2 CompilerThread1" daemon [_thread_blocked, id=15944, stack(0x000000c0c8900000,0x000000c0c8a00000)]
  0x0000026b200fe800 JavaThread "C2 CompilerThread0" daemon [_thread_blocked, id=18752, stack(0x000000c0c8800000,0x000000c0c8900000)]
  0x0000026b20069000 JavaThread "JDWP Command Reader" daemon [_thread_in_native, id=16532, stack(0x000000c0c8700000,0x000000c0c8800000)]
  0x0000026b20064000 JavaThread "JDWP Event Helper Thread" daemon [_thread_blocked, id=24224, stack(0x000000c0c8600000,0x000000c0c8700000)]
  0x0000026b1dc2e000 JavaThread "JDWP Transport Listener: dt_socket" daemon [_thread_blocked, id=18804, stack(0x000000c0c8500000,0x000000c0c8600000)]
  0x0000026b20062800 JavaThread "Attach Listener" daemon [_thread_blocked, id=12200, stack(0x000000c0c8400000,0x000000c0c8500000)]
  0x0000026b1dbf0000 JavaThread "Signal Dispatcher" daemon [_thread_blocked, id=16196, stack(0x000000c0c8300000,0x000000c0c8400000)]
  0x0000026b1dbd2000 JavaThread "Finalizer" daemon [_thread_blocked, id=14276, stack(0x000000c0c8200000,0x000000c0c8300000)]
  0x0000026b1dba9000 JavaThread "Reference Handler" daemon [_thread_blocked, id=18368, stack(0x000000c0c8100000,0x000000c0c8200000)]
  0x0000026b02eb9800 JavaThread "main" [_thread_blocked, id=21948, stack(0x000000c0c7500000,0x000000c0c7600000)]

Other Threads:
=>0x0000026b1db9f800 VMThread [stack: 0x000000c0c8000000,0x000000c0c8100000] [id=8152]
  0x0000026b20215000 WatcherThread [stack: 0x000000c0c8d00000,0x000000c0c8e00000] [id=15796]

VM state:at safepoint (normal execution)

VM Mutex/Monitor currently owned by a thread:  ([mutex/lock_event])
[0x0000026b02eb74f0] Threads_lock - owner thread: 0x0000026b1db9f800

heap address: 0x00000006c1a00000, size: 4070 MB, Compressed Oops mode: Zero based, Oop shift amount: 3
Narrow klass base: 0x0000000000000000, Narrow klass shift: 3
Compressed class space size: 1073741824 Address: 0x00000007c0000000

Heap:
 PSYoungGen      total 76288K, used 9183K [0x000000076b380000, 0x0000000770880000, 0x00000007c0000000)
  eden space 65536K, 14% used [0x000000076b380000,0x000000076bc77e10,0x000000076f380000)
  from space 10752K, 0% used [0x000000076fe00000,0x000000076fe00000,0x0000000770880000)
  to   space 10752K, 0% used [0x000000076f380000,0x000000076f380000,0x000000076fe00000)
 ParOldGen       total 175104K, used 0K [0x00000006c1a00000, 0x00000006cc500000, 0x000000076b380000)
  object space 175104K, 0% used [0x00000006c1a00000,0x00000006c1a00000,0x00000006cc500000)
 Metaspace       used 5475K, capacity 5582K, committed 5760K, reserved 1056768K
  class space    used 600K, capacity 629K, committed 640K, reserved 1048576K

Card table byte_map: [0x0000026b13cb0000,0x0000026b144b0000] byte_map_base: 0x0000026b106a3000

Marking Bits: (ParMarkBitMap*) 0x000000005fa54fb0
 Begin Bits: [0x0000026b14a00000, 0x0000026b18998000)
 End Bits:   [0x0000026b18998000, 0x0000026b1c930000)

Polling page: 0x0000026b02e70000

CodeCache: size=245760Kb used=1441Kb max_used=1441Kb free=244318Kb
 bounds [0x0000026b048f0000, 0x0000026b04b60000, 0x0000026b138f0000]
 total_blobs=461 nmethods=165 adapters=217
 compilation: enabled

Compilation events (10 events):
Event: 0.716 Thread 0x0000026b20105800  160       3       java.lang.Character::isBmpCodePoint (13 bytes)
Event: 0.716 Thread 0x0000026b20105800 nmethod 160 0x0000026b04a576d0 code [0x0000026b04a57820, 0x0000026b04a579b8]
Event: 0.716 Thread 0x0000026b20105800  161       3       java.util.regex.Pattern::next (33 bytes)
Event: 0.716 Thread 0x0000026b20105800 nmethod 161 0x0000026b04a57a50 code [0x0000026b04a57bc0, 0x0000026b04a57eb0]
Event: 0.716 Thread 0x0000026b20105800  162       1       java.util.regex.Pattern::flags (5 bytes)
Event: 0.716 Thread 0x0000026b20105800 nmethod 162 0x0000026b04a57fd0 code [0x0000026b04a58120, 0x0000026b04a58238]
Event: 0.716 Thread 0x0000026b20105800  163       1       java.nio.Buffer::limit (5 bytes)
Event: 0.716 Thread 0x0000026b20105800 nmethod 163 0x0000026b04a58290 code [0x0000026b04a583e0, 0x0000026b04a584f8]
Event: 306.747 Thread 0x0000026b20105800  164       1       org.eclipse.jdt.launching.internal.org.objectweb.asm.ClassReader::getItem (7 bytes)
Event: 306.748 Thread 0x0000026b20105800 nmethod 164 0x0000026b04a58550 code [0x0000026b04a586a0, 0x0000026b04a587d8]

GC Heap History (0 events):
No events

Deoptimization events (0 events):
No events

Classes redefined (8 events):
Event: 16.630 Thread 0x0000026b1db9f800 redefined class name=workshop02_7, count=1
Event: 29.453 Thread 0x0000026b1db9f800 redefined class name=workshop02_7, count=2
Event: 68.252 Thread 0x0000026b1db9f800 redefined class name=workshop02_7, count=3
Event: 121.330 Thread 0x0000026b1db9f800 redefined class name=workshop02_7, count=4
Event: 292.574 Thread 0x0000026b1db9f800 redefined class name=workshop02_7, count=5
Event: 306.748 Thread 0x0000026b1db9f800 redefined class name=workshop02_7, count=6
Event: 497.359 Thread 0x0000026b1db9f800 redefined class name=workshop02_7, count=7
Event: 3287.452 Thread 0x0000026b1db9f800 redefined class name=workshop02_7, count=8

Internal exceptions (6 events):
Event: 0.025 Thread 0x0000026b02eb9800 Exception <a 'java/lang/NoSuchMethodError': Method sun.misc.Unsafe.defineClass(Ljava/lang/String;[BII)Ljava/lang/Class; name or signature does not match> (0x000000076b387cc0) thrown at [C:\jenkins\workspace\8-2-build-windows-amd64-cygwin\jdk8u261\295\hots
Event: 0.026 Thread 0x0000026b02eb9800 Exception <a 'java/lang/NoSuchMethodError': Method sun.misc.Unsafe.prefetchRead(Ljava/lang/Object;J)V name or signature does not match> (0x000000076b387fa8) thrown at [C:\jenkins\workspace\8-2-build-windows-amd64-cygwin\jdk8u261\295\hotspot\src\share\vm\p
Event: 0.705 Thread 0x0000026b02eb9800 Exception <a 'java/security/PrivilegedActionException'> (0x000000076babb448) thrown at [C:\jenkins\workspace\8-2-build-windows-amd64-cygwin\jdk8u261\295\hotspot\src\share\vm\prims\jvm.cpp, line 1512]
Event: 0.705 Thread 0x0000026b02eb9800 Exception <a 'java/security/PrivilegedActionException'> (0x000000076babb840) thrown at [C:\jenkins\workspace\8-2-build-windows-amd64-cygwin\jdk8u261\295\hotspot\src\share\vm\prims\jvm.cpp, line 1512]
Event: 0.705 Thread 0x0000026b02eb9800 Exception <a 'java/security/PrivilegedActionException'> (0x000000076babf698) thrown at [C:\jenkins\workspace\8-2-build-windows-amd64-cygwin\jdk8u261\295\hotspot\src\share\vm\prims\jvm.cpp, line 1512]
Event: 0.705 Thread 0x0000026b02eb9800 Exception <a 'java/security/PrivilegedActionException'> (0x000000076babfa90) thrown at [C:\jenkins\workspace\8-2-build-windows-amd64-cygwin\jdk8u261\295\hotspot\src\share\vm\prims\jvm.cpp, line 1512]

Events (10 events):
Event: 3287.452 Executing VM operation: RedefineClasses done
Event: 3287.454 Executing VM operation: ChangeBreakpoints
Event: 3287.454 Executing VM operation: ChangeBreakpoints done
Event: 3287.454 Executing VM operation: ChangeBreakpoints
Event: 3287.454 Executing VM operation: ChangeBreakpoints done
Event: 3287.515 Executing VM operation: GetOwnedMonitorInfo
Event: 3287.515 Executing VM operation: GetOwnedMonitorInfo done
Event: 3287.515 Executing VM operation: GetCurrentContendedMonitor
Event: 3287.515 Executing VM operation: GetCurrentContendedMonitor done
Event: 5456.528 Executing VM operation: GetOrSetLocal


Dynamic libraries:
0x00007ff635140000 - 0x00007ff635187000 	C:\Program Files\Java\jre1.8.0_261\bin\javaw.exe
0x00007ff947280000 - 0x00007ff947470000 	C:\Windows\SYSTEM32\ntdll.dll
0x00007ff946150000 - 0x00007ff946202000 	C:\Windows\System32\KERNEL32.DLL
0x00007ff944220000 - 0x00007ff9444c4000 	C:\Windows\System32\KERNELBASE.dll
0x00007ff946e80000 - 0x00007ff946f23000 	C:\Windows\System32\ADVAPI32.dll
0x00007ff946210000 - 0x00007ff9462ae000 	C:\Windows\System32\msvcrt.dll
0x00007ff946030000 - 0x00007ff9460c7000 	C:\Windows\System32\sechost.dll
0x00007ff946d60000 - 0x00007ff946e80000 	C:\Windows\System32\RPCRT4.dll
0x00007ff9462d0000 - 0x00007ff946464000 	C:\Windows\System32\USER32.dll
0x00007ff945090000 - 0x00007ff9450b1000 	C:\Windows\System32\win32u.dll
0x00007ff945400000 - 0x00007ff945426000 	C:\Windows\System32\GDI32.dll
0x00007ff9450c0000 - 0x00007ff945256000 	C:\Windows\System32\gdi32full.dll
0x00007ff944db0000 - 0x00007ff944e4e000 	C:\Windows\System32\msvcp_win.dll
0x00007ff944e50000 - 0x00007ff944f4a000 	C:\Windows\System32\ucrtbase.dll
0x00007ff92d240000 - 0x00007ff92d4c4000 	C:\Windows\WinSxS\amd64_microsoft.windows.common-controls_6595b64144ccf1df_6.0.18362.959_none_e6c7bbbf130c62bb\COMCTL32.dll
0x00007ff946a20000 - 0x00007ff946d55000 	C:\Windows\System32\combase.dll
0x00007ff9452b0000 - 0x00007ff945330000 	C:\Windows\System32\bcryptPrimitives.dll
0x00007ff945d10000 - 0x00007ff945d3e000 	C:\Windows\System32\IMM32.DLL
0x00007ff93c540000 - 0x00007ff93c555000 	C:\Program Files\Java\jre1.8.0_261\bin\vcruntime140.dll
0x00007ff91acb0000 - 0x00007ff91ad4b000 	C:\Program Files\Java\jre1.8.0_261\bin\msvcp140.dll
0x000000005f260000 - 0x000000005facc000 	C:\Program Files\Java\jre1.8.0_261\bin\server\jvm.dll
0x00007ff9460d0000 - 0x00007ff9460d8000 	C:\Windows\System32\PSAPI.DLL
0x00007ff93fbd0000 - 0x00007ff93fbda000 	C:\Windows\SYSTEM32\VERSION.dll
0x00007ff941c40000 - 0x00007ff941c64000 	C:\Windows\SYSTEM32\WINMM.dll
0x00007ff934810000 - 0x00007ff934819000 	C:\Windows\SYSTEM32\WSOCK32.dll
0x00007ff9460e0000 - 0x00007ff94614f000 	C:\Windows\System32\WS2_32.dll
0x00007ff941a30000 - 0x00007ff941a5d000 	C:\Windows\SYSTEM32\winmmbase.dll
0x00007ff945260000 - 0x00007ff9452aa000 	C:\Windows\System32\cfgmgr32.dll
0x00007ff9441b0000 - 0x00007ff9441c1000 	C:\Windows\System32\kernel.appcore.dll
0x00007ff93ec40000 - 0x00007ff93ec50000 	C:\Program Files\Java\jre1.8.0_261\bin\verify.dll
0x00007ff93d160000 - 0x00007ff93d18b000 	C:\Program Files\Java\jre1.8.0_261\bin\java.dll
0x00007ff938ed0000 - 0x00007ff938f06000 	C:\Program Files\Java\jre1.8.0_261\bin\jdwp.dll
0x00007ff93ee70000 - 0x00007ff93ee79000 	C:\Program Files\Java\jre1.8.0_261\bin\npt.dll
0x00007ff918530000 - 0x00007ff918562000 	C:\Program Files\Java\jre1.8.0_261\bin\instrument.dll
0x00007ff93d570000 - 0x00007ff93d588000 	C:\Program Files\Java\jre1.8.0_261\bin\zip.dll
0x00007ff9455c0000 - 0x00007ff945ca6000 	C:\Windows\System32\SHELL32.dll
0x00007ff946f30000 - 0x00007ff946fd9000 	C:\Windows\System32\shcore.dll
0x00007ff9444d0000 - 0x00007ff944c52000 	C:\Windows\System32\windows.storage.dll
0x00007ff9441d0000 - 0x00007ff9441f3000 	C:\Windows\System32\profapi.dll
0x00007ff944160000 - 0x00007ff9441aa000 	C:\Windows\System32\powrprof.dll
0x00007ff944130000 - 0x00007ff944140000 	C:\Windows\System32\UMPDC.dll
0x00007ff945cb0000 - 0x00007ff945d02000 	C:\Windows\System32\shlwapi.dll
0x00007ff944200000 - 0x00007ff944217000 	C:\Windows\System32\cryptsp.dll
0x00007ff93d110000 - 0x00007ff93d11a000 	C:\Program Files\Java\jre1.8.0_261\bin\dt_socket.dll
0x00007ff933bf0000 - 0x00007ff933c06000 	C:\Windows\system32\napinsp.dll
0x00007ff933bd0000 - 0x00007ff933bea000 	C:\Windows\system32\pnrpnsp.dll
0x00007ff943990000 - 0x00007ff9439f7000 	C:\Windows\System32\mswsock.dll
0x00007ff9436f0000 - 0x00007ff9437bb000 	C:\Windows\SYSTEM32\DNSAPI.dll
0x00007ff9462b0000 - 0x00007ff9462b8000 	C:\Windows\System32\NSI.dll
0x00007ff9436b0000 - 0x00007ff9436ea000 	C:\Windows\SYSTEM32\IPHLPAPI.DLL
0x00007ff933bc0000 - 0x00007ff933bce000 	C:\Windows\System32\winrnr.dll
0x00007ff93eae0000 - 0x00007ff93eafc000 	C:\Windows\system32\NLAapi.dll
0x00007ff933ba0000 - 0x00007ff933bb5000 	C:\Windows\system32\wshbth.dll
0x00007ff93d7d0000 - 0x00007ff93d847000 	C:\Windows\System32\fwpuclnt.dll
0x00007ff945060000 - 0x00007ff945086000 	C:\Windows\System32\bcrypt.dll
0x00007ff939680000 - 0x00007ff93968a000 	C:\Windows\System32\rasadhlp.dll
0x00007ff939a70000 - 0x00007ff939c64000 	C:\Windows\SYSTEM32\dbghelp.dll

VM Arguments:
jvm_args: -agentlib:jdwp=transport=dt_socket,suspend=y,address=localhost:62080 -javaagent:C:\JAVA\eclipse-java-2020\eclipse\configuration\org.eclipse.osgi\222\0\.cp\lib\javaagent-shaded.jar -Dfile.encoding=UTF-8 
java_command: workshop02_7
java_class_path (initial): C:\JAVA\workspace\Day5\bin;C:\JAVA\eclipse-java-2020\eclipse\configuration\org.eclipse.osgi\222\0\.cp\lib\javaagent-shaded.jar
Launcher Type: SUN_STANDARD

Environment Variables:
JAVA_HOME=C:\Program Files\Java\jdk1.8.0_251
PATH=C:/Program Files/Java/jre1.8.0_261/bin/server;C:/Program Files/Java/jre1.8.0_261/bin;C:/Program Files/Java/jre1.8.0_261/lib/amd64;C:\app\acorn\product\11.2.0\dbhome_1\bin;C:\Program Files (x86)\Common Files\Oracle\Java\javapath;C:\Windows\system32;C:\Windows;C:\Windows\System32\Wbem;C:\Windows\System32\WindowsPowerShell\v1.0\;C:\Windows\System32\OpenSSH\;C:\Users\acorn\AppData\Local\Microsoft\WindowsApps;C:\Program Files\Bandizip\;C:\Users\acorn\AppData\Local\Programs\Microsoft VS Code\bin;C:\Users\acorn\AppData\Local\GitHubDesktop\bin;C:\Program Files\Java\jdk1.8.0_251\bin;;C:\JAVA\eclipse-java-2020\eclipse;
USERNAME=acorn
OS=Windows_NT
PROCESSOR_IDENTIFIER=Intel64 Family 6 Model 158 Stepping 10, GenuineIntel



---------------  S Y S T E M  ---------------

OS: Windows 10.0 , 64 bit Build 18362 (10.0.18362.959)

CPU:total 12 (initial active 12) (6 cores per cpu, 2 threads per core) family 6 model 158 stepping 10, cmov, cx8, fxsr, mmx, sse, sse2, sse3, ssse3, sse4.1, sse4.2, popcnt, avx, avx2, aes, clmul, erms, rtm, 3dnowpref, lzcnt, ht, tsc, tscinvbit, bmi1, bmi2, adx

Memory: 4k page, physical 16668672k(10101980k free), swap 35114332k(23244908k free)

vm_info: Java HotSpot(TM) 64-Bit Server VM (25.261-b12) for windows-amd64 JRE (1.8.0_261-b12), built on Jun 18 2020 06:56:32 by "" with unknown MS VC++:1916

time: Thu Jul 30 17:31:34 2020
timezone: ¢¥eCN©öI¡¾©ö C¡ÍA¨ª¨öA
elapsed time: 5456 seconds (0d 1h 30m 56s)

